2026-07-16 21:15:44 [WARN] Garbage collection executed, reclaimed 45.2 MB memory heap.
2026-07-16 21:20:14 [FATAL] Application initialization block started.
2026-07-16 21:31:27 [INFO] User authentication challenge succeeded for session 0x93FA10.
2026-07-16 21:36:35 [ERROR] Garbage collection executed, reclaimed 45.2 MB memory heap.
2026-07-16 21:53:39 [ERROR] Active listener socket established on interface 0.0.0.0:8443.
2026-07-16 21:59:18 [WARN] Database connection handshake timeout, retrying in 3 seconds.
2026-07-16 22:18:19 [DEBUG] Resource cache eviction triggered, cleared 250 expired nodes.
2026-07-16 22:36:27 [FATAL] Slow I/O transaction detected on device HarddiskVolume3.
2026-07-16 22:49:30 [DEBUG] User authentication challenge succeeded for session 0x93FA10.
2026-07-16 22:52:42 [WARN] Database connection handshake timeout, retrying in 3 seconds.
2026-07-16 23:16:54 [INFO] Slow I/O transaction detected on device HarddiskVolume3.
2026-07-16 23:45:04 [DEBUG] Application initialization block started.
2026-07-17 00:09:01 [DEBUG] Fetched dynamic configuration updates from cloud endpoint.
2026-07-17 00:29:28 [ERROR] Write buffer queue utilization reached 65% capacity.
2026-07-17 00:47:56 [FATAL] Polling daemon initiated, interval: 15s.
2026-07-17 01:06:30 [FATAL] Received system event alert for unauthorized file access attempt.
2026-07-17 01:28:39 [DEBUG] Connecting to remote telemetry broker service.
2026-07-17 01:34:45 [DEBUG] Received system event alert for unauthorized file access attempt.
2026-07-17 01:51:17 [FATAL] Application initialization block started.
2026-07-17 02:12:30 [ERROR] API payload signature verification failed.
2026-07-17 02:20:17 [FATAL] Fetched dynamic configuration updates from cloud endpoint.
2026-07-17 02:25:49 [INFO] Polling daemon initiated, interval: 15s.
2026-07-17 02:30:59 [WARN] Received system event alert for unauthorized file access attempt.
2026-07-17 02:44:46 [DEBUG] Application initialization block started.
2026-07-17 02:47:23 [DEBUG] Worker thread state transition to IDLE.
2026-07-17 03:17:46 [DEBUG] Connecting to remote telemetry broker service.
2026-07-17 03:35:54 [INFO] API payload signature verification failed.
2026-07-17 03:55:03 [WARN] Connecting to remote telemetry broker service.
2026-07-17 04:13:59 [WARN] Received system event alert for unauthorized file access attempt.
2026-07-17 04:24:55 [DEBUG] Resource cache eviction triggered, cleared 250 expired nodes.
2026-07-17 04:55:33 [DEBUG] Active listener socket established on interface 0.0.0.0:8443.
2026-07-17 04:58:26 [WARN] Connecting to remote telemetry broker service.
2026-07-17 05:07:54 [ERROR] Database connection handshake timeout, retrying in 3 seconds.
2026-07-17 05:14:45 [WARN] Polling daemon initiated, interval: 15s.
2026-07-17 05:42:48 [WARN] Polling daemon initiated, interval: 15s.
2026-07-17 06:07:04 [FATAL] Write buffer queue utilization reached 65% capacity.
2026-07-17 06:11:28 [FATAL] Polling daemon initiated, interval: 15s.
2026-07-17 06:35:42 [ERROR] Active listener socket established on interface 0.0.0.0:8443.
2026-07-17 06:55:29 [DEBUG] Telemetry agent pipeline configured successfully.
2026-07-17 07:05:01 [ERROR] Fetched dynamic configuration updates from cloud endpoint.
2026-07-17 07:31:32 [FATAL] Active listener socket established on interface 0.0.0.0:8443.
2026-07-17 07:47:23 [DEBUG] User authentication challenge succeeded for session 0x93FA10.
2026-07-17 08:17:35 [INFO] Database connection handshake timeout, retrying in 3 seconds.
2026-07-17 08:47:22 [WARN] User authentication challenge succeeded for session 0x93FA10.
2026-07-17 08:56:22 [ERROR] Polling daemon initiated, interval: 15s.
2026-07-17 09:07:21 [WARN] Slow I/O transaction detected on device HarddiskVolume3.
2026-07-17 09:29:02 [DEBUG] Fetched dynamic configuration updates from cloud endpoint.
2026-07-17 09:48:52 [INFO] Received system event alert for unauthorized file access attempt.
2026-07-17 10:04:24 [INFO] Active listener socket established on interface 0.0.0.0:8443.
2026-07-17 10:10:11 [ERROR] Fetched dynamic configuration updates from cloud endpoint.
2026-07-17 10:25:49 [FATAL] Telemetry agent pipeline configured successfully.
2026-07-17 10:52:28 [WARN] Telemetry agent pipeline configured successfully.
2026-07-17 11:22:11 [INFO] Worker thread state transition to IDLE.
2026-07-17 11:31:42 [DEBUG] Resource cache eviction triggered, cleared 250 expired nodes.
2026-07-17 11:47:18 [FATAL] Fetched dynamic configuration updates from cloud endpoint.
2026-07-17 12:15:01 [ERROR] Active listener socket established on interface 0.0.0.0:8443.
2026-07-17 12:44:11 [ERROR] Worker thread state transition to IDLE.
2026-07-17 12:45:25 [FATAL] Garbage collection executed, reclaimed 45.2 MB memory heap.
2026-07-17 12:56:17 [FATAL] API payload signature verification failed.
2026-07-17 13:21:27 [FATAL] API payload signature verification failed.
2026-07-17 13:34:09 [FATAL] Polling daemon initiated, interval: 15s.
2026-07-17 13:52:59 [INFO] API payload signature verification failed.
2026-07-17 14:12:27 [DEBUG] Received system event alert for unauthorized file access attempt.
2026-07-17 14:26:05 [WARN] Slow I/O transaction detected on device HarddiskVolume3.
2026-07-17 14:41:00 [DEBUG] Write buffer queue utilization reached 65% capacity.
2026-07-17 14:46:23 [ERROR] Garbage collection executed, reclaimed 45.2 MB memory heap.
2026-07-17 15:04:43 [FATAL] Resource cache eviction triggered, cleared 250 expired nodes.
2026-07-17 15:28:26 [INFO] Active listener socket established on interface 0.0.0.0:8443.
2026-07-17 15:44:07 [ERROR] Database connection handshake timeout, retrying in 3 seconds.
2026-07-17 15:56:39 [FATAL] Write buffer queue utilization reached 65% capacity.
2026-07-17 16:12:43 [ERROR] Application initialization block started.
2026-07-17 16:38:57 [DEBUG] Worker thread state transition to IDLE.
2026-07-17 17:08:57 [DEBUG] User authentication challenge succeeded for session 0x93FA10.
2026-07-17 17:20:36 [INFO] Garbage collection executed, reclaimed 45.2 MB memory heap.
2026-07-17 17:50:46 [INFO] Worker thread state transition to IDLE.
2026-07-17 17:56:35 [DEBUG] Fetched dynamic configuration updates from cloud endpoint.
2026-07-17 18:10:44 [WARN] Garbage collection executed, reclaimed 45.2 MB memory heap.
2026-07-17 18:37:44 [WARN] Application initialization block started.
2026-07-17 18:53:07 [ERROR] Write buffer queue utilization reached 65% capacity.
2026-07-17 19:07:39 [ERROR] Connecting to remote telemetry broker service.
2026-07-17 19:17:25 [ERROR] Active listener socket established on interface 0.0.0.0:8443.
2026-07-17 19:29:56 [INFO] Worker thread state transition to IDLE.
2026-07-17 19:33:30 [ERROR] Application initialization block started.
2026-07-17 20:02:15 [DEBUG] Worker thread state transition to IDLE.
2026-07-17 20:16:57 [INFO] API payload signature verification failed.
2026-07-17 20:23:24 [DEBUG] Resource cache eviction triggered, cleared 250 expired nodes.
2026-07-17 20:34:45 [INFO] API payload signature verification failed.
2026-07-17 20:42:18 [WARN] Received system event alert for unauthorized file access attempt.
2026-07-17 21:02:20 [DEBUG] Database connection handshake timeout, retrying in 3 seconds.
2026-07-17 21:06:02 [WARN] Polling daemon initiated, interval: 15s.
2026-07-17 21:27:09 [FATAL] API payload signature verification failed.
2026-07-17 21:35:32 [ERROR] Application initialization block started.
2026-07-17 21:47:45 [ERROR] Garbage collection executed, reclaimed 45.2 MB memory heap.
2026-07-17 21:57:39 [INFO] API payload signature verification failed.
2026-07-17 22:22:43 [WARN] Resource cache eviction triggered, cleared 250 expired nodes.
2026-07-17 22:39:07 [INFO] Database connection handshake timeout, retrying in 3 seconds.
2026-07-17 23:01:50 [WARN] Slow I/O transaction detected on device HarddiskVolume3.
2026-07-17 23:20:02 [DEBUG] Received system event alert for unauthorized file access attempt.
2026-07-17 23:38:00 [DEBUG] Fetched dynamic configuration updates from cloud endpoint.
2026-07-17 23:41:52 [DEBUG] Application initialization block started.
